2024-04-19 21:00:10,150 - main - INFO - 101 - Busy opened successfully..
2024-04-19 21:01:16,391 - main - INFO - 163 - Logged into Busy of comp0005 successfully...
2024-04-19 21:02:01,787 - main - INFO - 181 - Generated data for comp0005 and sales to export successfully...
2024-04-19 21:19:43,227 - main - INFO - 189 - Exported data for comp0005 and sales successfully...
2024-04-19 21:19:57,147 - main - INFO - 197 - Report Generated for comp0005 and sales successfully and back to busy home...
2024-04-19 21:20:44,131 - main - INFO - 181 - Generated data for comp0005 and sales_return to export successfully...
2024-04-19 21:28:11,152 - main - INFO - 189 - Exported data for comp0005 and sales_return successfully...
2024-04-19 21:28:25,077 - main - INFO - 197 - Report Generated for comp0005 and sales_return successfully and back to busy home...
2024-04-19 21:28:34,914 - main - INFO - 205 - Successfully came to company page after comp0005 page...
2024-04-19 21:29:26,893 - main - INFO - 163 - Logged into Busy of comp0010 successfully...
2024-04-19 21:30:12,087 - main - INFO - 181 - Generated data for comp0010 and sales to export successfully...
2024-04-19 21:30:34,679 - main - INFO - 189 - Exported data for comp0010 and sales successfully...
2024-04-19 21:30:48,615 - main - INFO - 197 - Report Generated for comp0010 and sales successfully and back to busy home...
2024-04-19 21:31:35,439 - main - INFO - 181 - Generated data for comp0010 and sales_return to export successfully...
2024-04-19 21:31:59,423 - main - INFO - 189 - Exported data for comp0010 and sales_return successfully...
2024-04-19 21:32:13,347 - main - INFO - 197 - Report Generated for comp0010 and sales_return successfully and back to busy home...
2024-04-19 21:32:23,239 - main - INFO - 205 - Successfully came to company page after comp0010 page...
2024-04-19 21:33:05,841 - main - INFO - 163 - Logged into Busy of comp0011 successfully...
2024-04-19 21:33:51,188 - main - INFO - 181 - Generated data for comp0011 and sales to export successfully...
2024-04-19 21:34:18,484 - main - INFO - 189 - Exported data for comp0011 and sales successfully...
2024-04-19 21:34:32,402 - main - INFO - 197 - Report Generated for comp0011 and sales successfully and back to busy home...
2024-04-19 21:35:19,434 - main - INFO - 181 - Generated data for comp0011 and sales_return to export successfully...
2024-04-19 21:35:44,380 - main - INFO - 189 - Exported data for comp0011 and sales_return successfully...
2024-04-19 21:35:58,302 - main - INFO - 197 - Report Generated for comp0011 and sales_return successfully and back to busy home...
2024-04-19 21:36:08,164 - main - INFO - 205 - Successfully came to company page after comp0011 page...
2024-04-19 21:37:04,111 - main - INFO - 163 - Logged into Busy of comp0014 successfully...
2024-04-19 21:37:49,274 - main - INFO - 181 - Generated data for comp0014 and sales to export successfully...
2024-04-19 21:38:12,372 - main - INFO - 189 - Exported data for comp0014 and sales successfully...
2024-04-19 21:38:26,298 - main - INFO - 197 - Report Generated for comp0014 and sales successfully and back to busy home...
2024-04-19 21:39:13,150 - main - INFO - 181 - Generated data for comp0014 and sales_return to export successfully...
2024-04-19 21:39:37,684 - main - INFO - 189 - Exported data for comp0014 and sales_return successfully...
2024-04-19 21:39:51,612 - main - INFO - 197 - Report Generated for comp0014 and sales_return successfully and back to busy home...
2024-04-19 21:40:01,488 - main - INFO - 205 - Successfully came to company page after comp0014 page...
2024-04-19 21:40:57,018 - main - INFO - 163 - Logged into Busy of comp0015 successfully...
2024-04-19 21:41:42,410 - main - INFO - 181 - Generated data for comp0015 and sales to export successfully...
2024-04-19 21:42:05,212 - main - INFO - 189 - Exported data for comp0015 and sales successfully...
2024-04-19 21:42:19,136 - main - INFO - 197 - Report Generated for comp0015 and sales successfully and back to busy home...
2024-04-19 21:43:05,945 - main - INFO - 181 - Generated data for comp0015 and sales_return to export successfully...
2024-04-19 21:43:29,924 - main - INFO - 189 - Exported data for comp0015 and sales_return successfully...
2024-04-19 21:43:43,835 - main - INFO - 197 - Report Generated for comp0015 and sales_return successfully and back to busy home...
2024-04-19 21:43:53,697 - main - INFO - 205 - Successfully came to company page after comp0015 page...
2024-04-19 21:43:59,119 - main - INFO - 215 - Quit Busy Successfully!
2024-04-19 21:43:59,119 - main - CRITICAL - 234 - No data exported today
